E:\YQF\C++\ACOUSTICTHERM-20170928\DEBUG\ACOUSTICTHERM.EXE
E:\YQF\C++\ACOUSTICTHERM-20170928\DEBUG\ACOUSTICTHERM.EXE.EMBED.MANIFEST
E:\YQF\C++\ACOUSTICTHERM-20170928\DEBUG\ACOUSTICTHERM.EXE.EMBED.MANIFEST.RES
E:\YQF\C++\ACOUSTICTHERM-20170928\DEBUG\ACOUSTICTHERM.EXE.INTERMEDIATE.MANIFEST
E:\YQF\C++\ACOUSTICTHERM-20170928\DEBUG\ACOUSTICTHERM.ILK
E:\YQF\C++\ACOUSTICTHERM-20170928\DEBUG\ACOUSTICTHERM.OBJ
E:\YQF\C++\ACOUSTICTHERM-20170928\DEBUG\ACOUSTICTHERM.PCH
E:\YQF\C++\ACOUSTICTHERM-20170928\DEBUG\ACOUSTICTHERM.PDB
E:\YQF\C++\ACOUSTICTHERM-20170928\DEBUG\ACOUSTICTHERM.RES
E:\yqf\C++\AcousticTherm-20170928\Debug\AcousticTherm.vcxprojResolveAssemblyReference.cache
E:\yqf\C++\AcousticTherm-20170928\Debug\AcousticTherm.write.1.tlog
E:\yqf\C++\AcousticTherm-20170928\Debug\AcousticTherm_manifest.rc
E:\YQF\C++\ACOUSTICTHERM-20170928\DEBUG\ACOUSTICTHERMDOC.OBJ
E:\YQF\C++\ACOUSTICTHERM-20170928\DEBUG\ACOUSTICTHERMVIEW.OBJ
E:\YQF\C++\ACOUSTICTHERM-20170928\DEBUG\AREAAVRGTEMPERATUREBMP.OBJ
E:\YQF\C++\ACOUSTICTHERM-20170928\DEBUG\AREAAVRGTEMPERATUREVIEW.OBJ
E:\YQF\C++\ACOUSTICTHERM-20170928\DEBUG\ARMMODULE.OBJ
E:\YQF\C++\ACOUSTICTHERM-20170928\DEBUG\ARMMODULE2BMP.OBJ
E:\YQF\C++\ACOUSTICTHERM-20170928\DEBUG\ARMMODULEBMP.OBJ
E:\YQF\C++\ACOUSTICTHERM-20170928\DEBUG\BOILERBMP.OBJ
E:\YQF\C++\ACOUSTICTHERM-20170928\DEBUG\CALTIME.OBJ
E:\yqf\C++\AcousticTherm-20170928\Debug\cl.command.1.tlog
E:\yqf\C++\AcousticTherm-20170928\Debug\CL.read.1.tlog
E:\yqf\C++\AcousticTherm-20170928\Debug\CL.write.1.tlog
E:\YQF\C++\ACOUSTICTHERM-20170928\DEBUG\COMMUNICATION.OBJ
E:\YQF\C++\ACOUSTICTHERM-20170928\DEBUG\CONTOUR.OBJ
E:\YQF\C++\ACOUSTICTHERM-20170928\DEBUG\CONTOURDRAW.OBJ
E:\YQF\C++\ACOUSTICTHERM-20170928\DEBUG\CONTOURTRACE.OBJ
E:\YQF\C++\ACOUSTICTHERM-20170928\DEBUG\CONTOURVALUES.OBJ
E:\YQF\C++\ACOUSTICTHERM-20170928\DEBUG\DATABASEOPERATE.OBJ
E:\YQF\C++\ACOUSTICTHERM-20170928\DEBUG\DATACLASS.OBJ
E:\YQF\C++\ACOUSTICTHERM-20170928\DEBUG\DISAREAAVRGTINFOVIEW.OBJ
E:\YQF\C++\ACOUSTICTHERM-20170928\DEBUG\EQATION.OBJ
E:\YQF\C++\ACOUSTICTHERM-20170928\DEBUG\EXITDLG.OBJ
E:\YQF\C++\ACOUSTICTHERM-20170928\DEBUG\FLIGHTTIME.OBJ
E:\YQF\C++\ACOUSTICTHERM-20170928\DEBUG\GETISOTHREMDATA.OBJ
E:\YQF\C++\ACOUSTICTHERM-20170928\DEBUG\GRIDCELL.OBJ
E:\YQF\C++\ACOUSTICTHERM-20170928\DEBUG\GRIDCELLBASE.OBJ
E:\YQF\C++\ACOUSTICTHERM-20170928\DEBUG\GRIDCTRL.OBJ
E:\YQF\C++\ACOUSTICTHERM-20170928\DEBUG\GRIDDROPTARGET.OBJ
E:\YQF\C++\ACOUSTICTHERM-20170928\DEBUG\INPLACEEDIT.OBJ
E:\YQF\C++\ACOUSTICTHERM-20170928\DEBUG\INTERPOLATE.OBJ
E:\YQF\C++\ACOUSTICTHERM-20170928\DEBUG\ISOTHERMBMP.OBJ
E:\YQF\C++\ACOUSTICTHERM-20170928\DEBUG\ISOTHERMVIEW.OBJ
E:\YQF\C++\ACOUSTICTHERM-20170928\DEBUG\LEAKBMP.OBJ
E:\YQF\C++\ACOUSTICTHERM-20170928\DEBUG\LEAKVIEW.OBJ
E:\YQF\C++\ACOUSTICTHERM-20170928\DEBUG\LED.OBJ
E:\yqf\C++\AcousticTherm-20170928\Debug\link.2828.read.1.tlog
E:\yqf\C++\AcousticTherm-20170928\Debug\link.2828.write.1.tlog
E:\yqf\C++\AcousticTherm-20170928\Debug\link.2828-cvtres.read.1.tlog
E:\yqf\C++\AcousticTherm-20170928\Debug\link.2828-cvtres.write.1.tlog
E:\yqf\C++\AcousticTherm-20170928\Debug\link.command.1.tlog
E:\yqf\C++\AcousticTherm-20170928\Debug\link.read.1.tlog
E:\yqf\C++\AcousticTherm-20170928\Debug\link.write.1.tlog
E:\yqf\C++\AcousticTherm-20170928\Debug\link-cvtres.read.1.tlog
E:\yqf\C++\AcousticTherm-20170928\Debug\link-cvtres.write.1.tlog
E:\YQF\C++\ACOUSTICTHERM-20170928\DEBUG\LOGOBMP.OBJ
E:\YQF\C++\ACOUSTICTHERM-20170928\DEBUG\LOOKUPCOLOR.OBJ
E:\YQF\C++\ACOUSTICTHERM-20170928\DEBUG\MAINDISBMP.OBJ
E:\YQF\C++\ACOUSTICTHERM-20170928\DEBUG\MAINDISINFOVIEW.OBJ
E:\YQF\C++\ACOUSTICTHERM-20170928\DEBUG\MAINFRM.OBJ
E:\yqf\C++\AcousticTherm-20170928\Debug\mt.command.1.tlog
E:\yqf\C++\AcousticTherm-20170928\Debug\mt.read.1.tlog
E:\yqf\C++\AcousticTherm-20170928\Debug\mt.write.1.tlog
E:\YQF\C++\ACOUSTICTHERM-20170928\DEBUG\PASSWORDDLG.OBJ
E:\YQF\C++\ACOUSTICTHERM-20170928\DEBUG\POSITIONVIEW.OBJ
E:\YQF\C++\ACOUSTICTHERM-20170928\DEBUG\POSTIONBMP.OBJ
E:\yqf\C++\AcousticTherm-20170928\Debug\rc.command.1.tlog
E:\yqf\C++\AcousticTherm-20170928\Debug\rc.read.1.tlog
E:\yqf\C++\AcousticTherm-20170928\Debug\rc.write.1.tlog
E:\YQF\C++\ACOUSTICTHERM-20170928\DEBUG\REBUILDAREAT.OBJ
E:\YQF\C++\ACOUSTICTHERM-20170928\DEBUG\SELDATETIMEDLG.OBJ
E:\YQF\C++\ACOUSTICTHERM-20170928\DEBUG\SELTTRENDTIMEDLG.OBJ
E:\YQF\C++\ACOUSTICTHERM-20170928\DEBUG\SETAREATVALVE.OBJ
E:\YQF\C++\ACOUSTICTHERM-20170928\DEBUG\SETIPADDRDLG.OBJ
E:\YQF\C++\ACOUSTICTHERM-20170928\DEBUG\SIGNALTIMEBMP.OBJ
E:\YQF\C++\ACOUSTICTHERM-20170928\DEBUG\SIGNALTIMEVIEW.OBJ
E:\YQF\C++\ACOUSTICTHERM-20170928\DEBUG\SOUNDANDRECEIVE.OBJ
E:\YQF\C++\ACOUSTICTHERM-20170928\DEBUG\STDAFX.OBJ
E:\YQF\C++\ACOUSTICTHERM-20170928\DEBUG\SYSSETDLG.OBJ
E:\YQF\C++\ACOUSTICTHERM-20170928\DEBUG\SYSSETTAP.OBJ
E:\YQF\C++\ACOUSTICTHERM-20170928\DEBUG\TEMPFIELD5.OBJ
E:\YQF\C++\ACOUSTICTHERM-20170928\DEBUG\TITLETIP.OBJ
E:\YQF\C++\ACOUSTICTHERM-20170928\DEBUG\TTRENDBMP.OBJ
E:\YQF\C++\ACOUSTICTHERM-20170928\DEBUG\TTRENDVIEW.OBJ
E:\YQF\C++\ACOUSTICTHERM-20170928\DEBUG\VAVLEBMP.OBJ
E:\yqf\C++\AcousticTherm-20170928\Debug\vc100.idb
E:\YQF\C++\ACOUSTICTHERM-20170928\DEBUG\VC100.PDB
E:\YQF\C++\ACOUSTICTHERM-20170928\DEBUG\WAVEFILTER.OBJ
